Build started 01/01/2013 20:10:11.
     1>Project "C:\Users\ohierro\documents\visual studio 2010\Projects\t0\t0\t0.vcxproj" on node 2 (build target(s)).
     1>InitializeBuildStatus:
         Creating "Debug\t0.unsuccessfulbuild" because "AlwaysCreate" was specified.
       CustomBuild:
         All outputs are up-to-date.
       ClCompile:
         c:\Program Files (x86)\Microsoft Visual Studio 10.0\VC\bin\CL.exe /c /I.\GeneratedFiles /I. /IC:\Qt\Qt5.0.0\5.0.0\msvc2010\include /I.\GeneratedFiles\Debug /IC:\Qt\Qt5.0.0\5.0.0\msvc2010\include\QtCore /IC:\Qt\Qt5.0.0\5.0.0\msvc2010\include\QtGui /IC:\Qt\Qt5.0.0\5.0.0\msvc2010\include\QtWidgets /IC:\Qt\Qt5.0.0\5.0.0\msvc2010\include\QtXml /IC:\Qt\Qt5.0.0\5.0.0\msvc2010\..\qtmultimedia\include\QtMultimedia /IC:\Qt\Qt5.0.0\5.0.0\msvc2010\..\qtmultimedia\include /Zi /nologo /W1 /WX- /Od /Oy- /D UNICODE /D WIN32 /D QT_DLL /D QT_CORE_LIB /D QT_GUI_LIB /D QT_WIDGETS_LIB /D QT_XML_LIB /D QT_MULTIMEDIA_LIB /Gm- /EHsc /MDd /GS /fp:precise /Zc:wchar_t- /Zc:forScope /Fo"Debug\\" /Fd"Debug\vc100.pdb" /Gd /TP /analyze- /errorReport:prompt ContactSelectDialog.cpp
         ContactSelectDialog.cpp
         All outputs are up-to-date.
       Link:
         c:\Program Files (x86)\Microsoft Visual Studio 10.0\VC\bin\link.exe /ERRORREPORT:PROMPT /OUT:"C:\Users\ohierro\documents\visual studio 2010\Projects\t0\Win32\Debug\\t0.exe" /NOLOGO /LIBPATH:C:\Qt\Qt5.0.0\5.0.0\msvc2010\lib qtmaind.lib Qt5Cored.lib Qt5Guid.lib Qt5Widgetsd.lib Qt5Xmld.lib Qt5Multimediad.lib kernel32.lib user32.lib gdi32.lib winspool.lib comdlg32.lib advapi32.lib shell32.lib ole32.lib oleaut32.lib uuid.lib odbc32.lib odbccp32.lib /MANIFEST /ManifestFile:"Debug\t0.exe.intermediate.manifest" /MANIFESTUAC:"level='asInvoker' uiAccess='false'" /DEBUG /PDB:"C:\Users\ohierro\documents\visual studio 2010\Projects\t0\Win32\Debug\t0.pdb" /SUBSYSTEM:WINDOWS /TLBID:1 /DYNAMICBASE /NXCOMPAT /IMPLIB:"C:\Users\ohierro\documents\visual studio 2010\Projects\t0\Win32\Debug\t0.lib" /MACHINE:X86 Debug\ContactsDDBB.obj
         Debug\ContactSelectDialog.obj
         Debug\moc_ContactSelectDialog.obj
         Debug\moc_gpsWindow.obj
         Debug\moc_mainWindow.obj
         Debug\moc_mobileWindow.obj
         Debug\moc_musicWindow.obj
         Debug\moc_t0.obj
         Debug\qrc_t0.obj
         Debug\gpsWindow.obj
         Debug\main.obj
         Debug\mainWindow.obj
         Debug\mobileWindow.obj
         Debug\musicWindow.obj
         Debug\MusicPlayer.obj
         Debug\t0.obj
         LINK : C:\Users\ohierro\documents\visual studio 2010\Projects\t0\Win32\Debug\\t0.exe not found or not built by the last incremental link; performing full link
         t0.vcxproj -> C:\Users\ohierro\documents\visual studio 2010\Projects\t0\Win32\Debug\t0.exe
       Manifest:
         c:\Program Files (x86)\Microsoft SDKs\Windows\v7.0A\bin\mt.exe /nologo /verbose /outputresource:"C:\Users\ohierro\documents\visual studio 2010\Projects\t0\Win32\Debug\\t0.exe;#1" /manifest Debug\t0.exe.intermediate.manifest
       FinalizeBuildStatus:
         Deleting file "Debug\t0.unsuccessfulbuild".
         Touching "Debug\t0.lastbuildstate".
     1>Done Building Project "C:\Users\ohierro\documents\visual studio 2010\Projects\t0\t0\t0.vcxproj" (build target(s)).

Build succeeded.

Time Elapsed 00:00:03.00
